#
# There is insufficient memory for the Java Runtime Environment to continue.
# Native memory allocation (malloc) failed to allocate 371904 bytes. Error detail: Chunk::new
# Possible reasons:
#   The system is out of physical RAM or swap space
#   This process is running with CompressedOops enabled, and the Java Heap may be blocking the growth of the native heap
# Possible solutions:
#   Reduce memory load on the system
#   Increase physical memory or swap space
#   Check if swap backing store is full
#   Decrease Java heap size (-Xmx/-Xms)
#   Decrease number of Java threads
#   Decrease Java thread stack sizes (-Xss)
#   Set larger code cache with -XX:ReservedCodeCacheSize=
#   JVM is running with Unscaled Compressed Oops mode in which the Java heap is
#     placed in the first 4GB address space. The Java Heap base address is the
#     maximum limit for the native heap growth. Please use -XX:HeapBaseMinAddress
#     to set the Java Heap base and to place the Java Heap above 4GB virtual address.
# This output file may be truncated or incomplete.
#
#  Out of Memory Error (arena.cpp:149), pid=14308, tid=21992
#
# JRE version: Java(TM) SE Runtime Environment (23.0+37) (build 23+37-2369)
# Java VM: Java HotSpot(TM) 64-Bit Server VM (23+37-2369, mixed mode, sharing, tiered, compressed oops, compressed class ptrs, g1 gc, windows-amd64)
# No core dump will be written. Minidumps are not enabled by default on client versions of Windows
#

---------------  S U M M A R Y ------------

Command Line: -Dfile.encoding=UTF-8 -Ddb2.jcc.charsetDecoderEncoder=3 com.ibm.db2.server.DssLauncher 3000 off c:\Users\LENOVO\AppData\Roaming\Code\logs\20260324T003517\window2\exthost\IBM.db2forzosdeveloperextension -Xmx256M

Host: AMD Ryzen 3 5300U with Radeon Graphics         , 8 cores, 3G,  Windows 11 , 64 bit Build 22621 (10.0.22621.5415)
Time: Tue Mar 24 00:35:48 2026 Afr. centrale Ouest elapsed time: 1.173340 seconds (0d 0h 0m 1s)

---------------  T H R E A D  ---------------

Current thread (0x000001f44cd47c30):  JavaThread "C2 CompilerThread0" daemon [_thread_in_native, id=21992, stack(0x0000001f2f300000,0x0000001f2f400000) (1024K)]


Current CompileTask:
C2:1173  738       4       java.io.DataInputStream::readUTF (497 bytes)

Stack: [0x0000001f2f300000,0x0000001f2f400000]
Native frames: (J=compiled Java code, j=interpreted, Vv=VM code, C=native code)
V  [jvm.dll+0x6e08a9]  (no source info available)
V  [jvm.dll+0x87da63]  (no source info available)
V  [jvm.dll+0x87feee]  (no source info available)
V  [jvm.dll+0x8805c3]  (no source info available)
V  [jvm.dll+0x27aee6]  (no source info available)
V  [jvm.dll+0xbc06f]  (no source info available)
V  [jvm.dll+0xbc2cb]  (no source info available)
V  [jvm.dll+0x3b3a9c]  (no source info available)
V  [jvm.dll+0x1dc19c]  (no source info available)
V  [jvm.dll+0x244be5]  (no source info available)
V  [jvm.dll+0x243dff]  (no source info available)
V  [jvm.dll+0x1c33a0]  (no source info available)
V  [jvm.dll+0x253cf1]  (no source info available)
V  [jvm.dll+0x251faa]  (no source info available)
V  [jvm.dll+0x3ee036]  (no source info available)
V  [jvm.dll+0x824f1b]  (no source info available)
V  [jvm.dll+0x6df055]  (no source info available)
C  [ucrtbase.dll+0x29333]  (no source info available)
C  [KERNEL32.DLL+0x1259d]  (no source info available)
C  [ntdll.dll+0x5af78]  (no source info available)

Lock stack of current Java thread (top to bottom):


---------------  P R O C E S S  ---------------

Threads class SMR info:
_java_thread_list=0x000001f492069880, length=11, elements={
0x000001f42f560b70, 0x000001f44cd3bdd0, 0x000001f44cd3d450, 0x000001f44cd40f50,
0x000001f44cd439c0, 0x000001f44cd45430, 0x000001f44cd46ea0, 0x000001f44cd47c30,
0x000001f44cd49c30, 0x000001f49209d9f0, 0x000001f49209ee80
}

Java Threads: ( => current thread )
  0x000001f42f560b70 JavaThread "main"                              [_thread_in_vm, id=10672, stack(0x0000001f2e500000,0x0000001f2e600000) (1024K)]
  0x000001f44cd3bdd0 JavaThread "Reference Handler"          daemon [_thread_blocked, id=21240, stack(0x0000001f2ed00000,0x0000001f2ee00000) (1024K)]
  0x000001f44cd3d450 JavaThread "Finalizer"                  daemon [_thread_blocked, id=20100, stack(0x0000001f2ee00000,0x0000001f2ef00000) (1024K)]
  0x000001f44cd40f50 JavaThread "Signal Dispatcher"          daemon [_thread_blocked, id=2052, stack(0x0000001f2ef00000,0x0000001f2f000000) (1024K)]
  0x000001f44cd439c0 JavaThread "Attach Listener"            daemon [_thread_blocked, id=9180, stack(0x0000001f2f000000,0x0000001f2f100000) (1024K)]
  0x000001f44cd45430 JavaThread "Service Thread"             daemon [_thread_blocked, id=10400, stack(0x0000001f2f100000,0x0000001f2f200000) (1024K)]
  0x000001f44cd46ea0 JavaThread "Monitor Deflation Thread"   daemon [_thread_blocked, id=11604, stack(0x0000001f2f200000,0x0000001f2f300000) (1024K)]
=>0x000001f44cd47c30 JavaThread "C2 CompilerThread0"         daemon [_thread_in_native, id=21992, stack(0x0000001f2f300000,0x0000001f2f400000) (1024K)]
  0x000001f44cd49c30 JavaThread "C1 CompilerThread0"         daemon [_thread_blocked, id=20584, stack(0x0000001f2f400000,0x0000001f2f500000) (1024K)]
  0x000001f49209d9f0 JavaThread "Notification Thread"        daemon [_thread_blocked, id=8660, stack(0x0000001f2f500000,0x0000001f2f600000) (1024K)]
  0x000001f49209ee80 JavaThread "Common-Cleaner"             daemon [_thread_blocked, id=10892, stack(0x0000001f2f600000,0x0000001f2f700000) (1024K)]
Total: 11

Other Threads:
  0x000001f44cd26320 VMThread "VM Thread"                           [id=18220, stack(0x0000001f2ec00000,0x0000001f2ed00000) (1024K)]
  0x000001f44cd1bd10 WatcherThread "VM Periodic Task Thread"        [id=1896, stack(0x0000001f2eb00000,0x0000001f2ec00000) (1024K)]
  0x000001f42f7ef290 WorkerThread "GC Thread#0"                     [id=8716, stack(0x0000001f2e600000,0x0000001f2e700000) (1024K)]
  0x000001f42f7fa250 ConcurrentGCThread "G1 Main Marker"            [id=22668, stack(0x0000001f2e700000,0x0000001f2e800000) (1024K)]
  0x000001f42f7fad60 WorkerThread "G1 Conc#0"                       [id=15600, stack(0x0000001f2e800000,0x0000001f2e900000) (1024K)]
  0x000001f42f8608f0 ConcurrentGCThread "G1 Refine#0"               [id=7720, stack(0x0000001f2e900000,0x0000001f2ea00000) (1024K)]
  0x000001f42f861620 ConcurrentGCThread "G1 Service"                [id=14200, stack(0x0000001f2ea00000,0x0000001f2eb00000) (1024K)]
Total: 7

Threads with active compile tasks:
C2 CompilerThread0  1293  738       4       java.io.DataInputStream::readUTF (497 bytes)
Total: 1

VM state: not at safepoint (normal execution)

VM Mutex/Monitor currently owned by a thread: None

Heap address: 0x00000000ca600000, size: 858 MB, Compressed Oops mode: 32-bit

CDS archive(s) mapped at: [0x000001f44d000000-0x000001f44dd70000-0x000001f44dd70000), size 14090240, SharedBaseAddress: 0x000001f44d000000, ArchiveRelocationMode: 1.
Compressed class space mapped at: 0x000001f44e000000-0x000001f48e000000, reserved size: 1073741824
Narrow klass base: 0x000001f44d000000, Narrow klass shift: 0, Narrow klass range: 0x41000000

GC Precious Log:
 CardTable entry size: 512
 Card Set container configuration: InlinePtr #cards 5 size 8 Array Of Cards #cards 10 size 36 Howl #buckets 4 coarsen threshold 1843 Howl Bitmap #cards 512 size 80 coarsen threshold 460 Card regions per heap region 1 cards per card region 2048
 CPUs: 8 total, 8 available
 Memory: 3429M
 Large Page Support: Disabled
 NUMA Support: Disabled
 Compressed Oops: Enabled (32-bit)
 Heap Region Size: 1M
 Heap Min Capacity: 8M
 Heap Initial Capacity: 54M
 Heap Max Capacity: 858M
 Pre-touch: Disabled
 Parallel Workers: 8
 Concurrent Workers: 2
 Concurrent Refinement Workers: 8
 Periodic GC: Disabled

Heap:
 garbage-first heap   total reserved 878592K, committed 55296K, used 10240K [0x00000000ca600000, 0x0000000100000000)
  region size 1024K, 11 young (11264K), 0 survivors (0K)
 Metaspace       used 3614K, committed 3776K, reserved 1114112K
  class space    used 415K, committed 512K, reserved 1048576K

Heap Regions: E=young(eden), S=young(survivor), O=old, HS=humongous(starts), HC=humongous(continues), CS=collection set, F=free, TAMS=top-at-mark-start, PB=parsable bottom
|   0|0x00000000ca600000, 0x00000000ca700000, 0x00000000ca700000|100%|HS|  |TAMS 0x00000000ca600000| PB 0x00000000ca600000| Complete |  0
|   1|0x00000000ca700000, 0x00000000ca700000, 0x00000000ca800000|  0%| F|  |TAMS 0x00000000ca700000| PB 0x00000000ca700000| Untracked |  0
|   2|0x00000000ca800000, 0x00000000ca800000, 0x00000000ca900000|  0%| F|  |TAMS 0x00000000ca800000| PB 0x00000000ca800000| Untracked |  0
|   3|0x00000000ca900000, 0x00000000ca900000, 0x00000000caa00000|  0%| F|  |TAMS 0x00000000ca900000| PB 0x00000000ca900000| Untracked |  0
|   4|0x00000000caa00000, 0x00000000caa00000, 0x00000000cab00000|  0%| F|  |TAMS 0x00000000caa00000| PB 0x00000000caa00000| Untracked |  0
|   5|0x00000000cab00000, 0x00000000cab00000, 0x00000000cac00000|  0%| F|  |TAMS 0x00000000cab00000| PB 0x00000000cab00000| Untracked |  0
|   6|0x00000000cac00000, 0x00000000cac00000, 0x00000000cad00000|  0%| F|  |TAMS 0x00000000cac00000| PB 0x00000000cac00000| Untracked |  0
|   7|0x00000000cad00000, 0x00000000cad00000, 0x00000000cae00000|  0%| F|  |TAMS 0x00000000cad00000| PB 0x00000000cad00000| Untracked |  0
|   8|0x00000000cae00000, 0x00000000cae00000, 0x00000000caf00000|  0%| F|  |TAMS 0x00000000cae00000| PB 0x00000000cae00000| Untracked |  0
|   9|0x00000000caf00000, 0x00000000caf00000, 0x00000000cb000000|  0%| F|  |TAMS 0x00000000caf00000| PB 0x00000000caf00000| Untracked |  0
|  10|0x00000000cb000000, 0x00000000cb000000, 0x00000000cb100000|  0%| F|  |TAMS 0x00000000cb000000| PB 0x00000000cb000000| Untracked |  0
|  11|0x00000000cb100000, 0x00000000cb100000, 0x00000000cb200000|  0%| F|  |TAMS 0x00000000cb100000| PB 0x00000000cb100000| Untracked |  0
|  12|0x00000000cb200000, 0x00000000cb200000, 0x00000000cb300000|  0%| F|  |TAMS 0x00000000cb200000| PB 0x00000000cb200000| Untracked |  0
|  13|0x00000000cb300000, 0x00000000cb300000, 0x00000000cb400000|  0%| F|  |TAMS 0x00000000cb300000| PB 0x00000000cb300000| Untracked |  0
|  14|0x00000000cb400000, 0x00000000cb400000, 0x00000000cb500000|  0%| F|  |TAMS 0x00000000cb400000| PB 0x00000000cb400000| Untracked |  0
|  15|0x00000000cb500000, 0x00000000cb500000, 0x00000000cb600000|  0%| F|  |TAMS 0x00000000cb500000| PB 0x00000000cb500000| Untracked |  0
|  16|0x00000000cb600000, 0x00000000cb600000, 0x00000000cb700000|  0%| F|  |TAMS 0x00000000cb600000| PB 0x00000000cb600000| Untracked |  0
|  17|0x00000000cb700000, 0x00000000cb700000, 0x00000000cb800000|  0%| F|  |TAMS 0x00000000cb700000| PB 0x00000000cb700000| Untracked |  0
|  18|0x00000000cb800000, 0x00000000cb800000, 0x00000000cb900000|  0%| F|  |TAMS 0x00000000cb800000| PB 0x00000000cb800000| Untracked |  0
|  19|0x00000000cb900000, 0x00000000cb900000, 0x00000000cba00000|  0%| F|  |TAMS 0x00000000cb900000| PB 0x00000000cb900000| Untracked |  0
|  20|0x00000000cba00000, 0x00000000cba00000, 0x00000000cbb00000|  0%| F|  |TAMS 0x00000000cba00000| PB 0x00000000cba00000| Untracked |  0
|  21|0x00000000cbb00000, 0x00000000cbb00000, 0x00000000cbc00000|  0%| F|  |TAMS 0x00000000cbb00000| PB 0x00000000cbb00000| Untracked |  0
|  22|0x00000000cbc00000, 0x00000000cbc00000, 0x00000000cbd00000|  0%| F|  |TAMS 0x00000000cbc00000| PB 0x00000000cbc00000| Untracked |  0
|  23|0x00000000cbd00000, 0x00000000cbd00000, 0x00000000cbe00000|  0%| F|  |TAMS 0x00000000cbd00000| PB 0x00000000cbd00000| Untracked |  0
|  24|0x00000000cbe00000, 0x00000000cbe00000, 0x00000000cbf00000|  0%| F|  |TAMS 0x00000000cbe00000| PB 0x00000000cbe00000| Untracked |  0
|  25|0x00000000cbf00000, 0x00000000cbf00000, 0x00000000cc000000|  0%| F|  |TAMS 0x00000000cbf00000| PB 0x00000000cbf00000| Untracked |  0
|  26|0x00000000cc000000, 0x00000000cc000000, 0x00000000cc100000|  0%| F|  |TAMS 0x00000000cc000000| PB 0x00000000cc000000| Untracked |  0
|  27|0x00000000cc100000, 0x00000000cc100000, 0x00000000cc200000|  0%| F|  |TAMS 0x00000000cc100000| PB 0x00000000cc100000| Untracked |  0
|  28|0x00000000cc200000, 0x00000000cc200000, 0x00000000cc300000|  0%| F|  |TAMS 0x00000000cc200000| PB 0x00000000cc200000| Untracked |  0
|  29|0x00000000cc300000, 0x00000000cc300000, 0x00000000cc400000|  0%| F|  |TAMS 0x00000000cc300000| PB 0x00000000cc300000| Untracked |  0
|  30|0x00000000cc400000, 0x00000000cc400000, 0x00000000cc500000|  0%| F|  |TAMS 0x00000000cc400000| PB 0x00000000cc400000| Untracked |  0
|  31|0x00000000cc500000, 0x00000000cc500000, 0x00000000cc600000|  0%| F|  |TAMS 0x00000000cc500000| PB 0x00000000cc500000| Untracked |  0
|  32|0x00000000cc600000, 0x00000000cc600000, 0x00000000cc700000|  0%| F|  |TAMS 0x00000000cc600000| PB 0x00000000cc600000| Untracked |  0
|  33|0x00000000cc700000, 0x00000000cc700000, 0x00000000cc800000|  0%| F|  |TAMS 0x00000000cc700000| PB 0x00000000cc700000| Untracked |  0
|  34|0x00000000cc800000, 0x00000000cc800000, 0x00000000cc900000|  0%| F|  |TAMS 0x00000000cc800000| PB 0x00000000cc800000| Untracked |  0
|  35|0x00000000cc900000, 0x00000000cc900000, 0x00000000cca00000|  0%| F|  |TAMS 0x00000000cc900000| PB 0x00000000cc900000| Untracked |  0
|  36|0x00000000cca00000, 0x00000000cca00000, 0x00000000ccb00000|  0%| F|  |TAMS 0x00000000cca00000| PB 0x00000000cca00000| Untracked |  0
|  37|0x00000000ccb00000, 0x00000000ccb00000, 0x00000000ccc00000|  0%| F|  |TAMS 0x00000000ccb00000| PB 0x00000000ccb00000| Untracked |  0
|  38|0x00000000ccc00000, 0x00000000ccc00000, 0x00000000ccd00000|  0%| F|  |TAMS 0x00000000ccc00000| PB 0x00000000ccc00000| Untracked |  0
|  39|0x00000000ccd00000, 0x00000000ccd00000, 0x00000000cce00000|  0%| F|  |TAMS 0x00000000ccd00000| PB 0x00000000ccd00000| Untracked |  0
|  40|0x00000000cce00000, 0x00000000cce00000, 0x00000000ccf00000|  0%| F|  |TAMS 0x00000000cce00000| PB 0x00000000cce00000| Untracked |  0
|  41|0x00000000ccf00000, 0x00000000ccf00000, 0x00000000cd000000|  0%| F|  |TAMS 0x00000000ccf00000| PB 0x00000000ccf00000| Untracked |  0
|  42|0x00000000cd000000, 0x00000000cd000000, 0x00000000cd100000|  0%| F|  |TAMS 0x00000000cd000000| PB 0x00000000cd000000| Untracked |  0
|  43|0x00000000cd100000, 0x00000000cd1fc508, 0x00000000cd200000| 98%| E|  |TAMS 0x00000000cd100000| PB 0x00000000cd100000| Complete |  0
|  44|0x00000000cd200000, 0x00000000cd2fe560, 0x00000000cd300000| 99%| E|  |TAMS 0x00000000cd200000| PB 0x00000000cd200000| Complete |  0
|  45|0x00000000cd300000, 0x00000000cd400000, 0x00000000cd400000|100%| E|CS|TAMS 0x00000000cd300000| PB 0x00000000cd300000| Complete |  0
|  46|0x00000000cd400000, 0x00000000cd500000, 0x00000000cd500000|100%| E|CS|TAMS 0x00000000cd400000| PB 0x00000000cd400000| Complete |  0
|  47|0x00000000cd500000, 0x00000000cd600000, 0x00000000cd600000|100%| E|CS|TAMS 0x00000000cd500000| PB 0x00000000cd500000| Complete |  0
|  48|0x00000000cd600000, 0x00000000cd700000, 0x00000000cd700000|100%| E|CS|TAMS 0x00000000cd600000| PB 0x00000000cd600000| Complete |  0
|  49|0x00000000cd700000, 0x00000000cd800000, 0x00000000cd800000|100%| E|CS|TAMS 0x00000000cd700000| PB 0x00000000cd700000| Complete |  0
|  50|0x00000000cd800000, 0x00000000cd900000, 0x00000000cd900000|100%| E|CS|TAMS 0x00000000cd800000| PB 0x00000000cd800000| Complete |  0
|  51|0x00000000cd900000, 0x00000000cda00000, 0x00000000cda00000|100%| E|CS|TAMS 0x00000000cd900000| PB 0x00000000cd900000| Complete |  0
|  52|0x00000000cda00000, 0x00000000cdb00000, 0x00000000cdb00000|100%| E|CS|TAMS 0x00000000cda00000| PB 0x00000000cda00000| Complete |  0
|  53|0x00000000cdb00000, 0x00000000cdc00000, 0x00000000cdc00000|100%| E|CS|TAMS 0x00000000cdb00000| PB 0x00000000cdb00000| Complete |  0

Card table byte_map: [0x000001f449420000,0x000001f4495d0000] _byte_map_base: 0x000001f448dcd000

Marking Bits: (CMBitMap*) 0x000001f42f7ef9a0
 Bits: [0x000001f4495d0000, 0x000001f44a338000)

Polling page: 0x000001f42f880000

Metaspace:

Usage:
  Non-class:      3.13 MB used.
      Class:    416.15 KB used.
       Both:      3.53 MB used.

Virtual space:
  Non-class space:       64.00 MB reserved,       3.19 MB (  5%) committed,  1 nodes.
      Class space:        1.00 GB reserved,     512.00 KB ( <1%) committed,  1 nodes.
             Both:        1.06 GB reserved,       3.69 MB ( <1%) committed. 

Chunk freelists:
   Non-Class:  10.30 MB
       Class:  15.45 MB
        Both:  25.75 MB

MaxMetaspaceSize: unlimited
CompressedClassSpaceSize: 1.00 GB
Initial GC threshold: 21.00 MB
Current GC threshold: 21.00 MB
CDS: on
 - commit_granule_bytes: 65536.
 - commit_granule_words: 8192.
 - virtual_space_node_default_size: 8388608.
 - enlarge_chunks_in_place: 1.
 - use_allocation_guard: 0.


Internal statistics:

num_allocs_failed_limit: 0.
num_arena_births: 40.
num_arena_deaths: 0.
num_vsnodes_births: 2.
num_vsnodes_deaths: 0.
num_space_committed: 59.
num_space_uncommitted: 0.
num_chunks_returned_to_freelist: 0.
num_chunks_taken_from_freelist: 139.
num_chunk_merges: 0.
num_chunk_splits: 94.
num_chunks_enlarged: 68.
num_inconsistent_stats: 0.

CodeHeap 'non-profiled nmethods': size=120064Kb used=200Kb max_used=200Kb free=119863Kb
 bounds [0x000001f4412c0000, 0x000001f441530000, 0x000001f448800000]
CodeHeap 'profiled nmethods': size=120000Kb used=1039Kb max_used=1039Kb free=118960Kb
 bounds [0x000001f439800000, 0x000001f439a70000, 0x000001f440d30000]
CodeHeap 'non-nmethods': size=5696Kb used=1341Kb max_used=1356Kb free=4354Kb
 bounds [0x000001f440d30000, 0x000001f440fa0000, 0x000001f4412c0000]
CodeCache: size=245760Kb, used=2580Kb, max_used=2595Kb, free=243177Kb
 total_blobs=1251, nmethods=796, adapters=361, full_count=0
Compilation: enabled, stopped_count=0, restarted_count=0

Compilation events (20 events):
Event: 1.150 Thread 0x000001f44cd49c30  771       3       sun.net.www.protocol.jar.Handler::parseContextSpec (150 bytes)
Event: 1.152 Thread 0x000001f44cd49c30 nmethod 771 0x000001f4398ec808 code [0x000001f4398ecc00, 0x000001f4398ee7a0]
Event: 1.153 Thread 0x000001f44cd49c30  772       3       java.security.SecureClassLoader$CodeSourceKey::equals (60 bytes)
Event: 1.154 Thread 0x000001f44cd49c30 nmethod 772 0x000001f4398ee888 code [0x000001f4398eea00, 0x000001f4398eefe8]
Event: 1.154 Thread 0x000001f44cd49c30  774  s    3       java.util.jar.JarFile::getInputStream (88 bytes)
Event: 1.155 Thread 0x000001f44cd49c30 nmethod 774 0x000001f4398ef088 code [0x000001f4398ef280, 0x000001f4398efb80]
Event: 1.155 Thread 0x000001f44cd49c30  773       3       java.security.CodeSource::matchCerts (254 bytes)
Event: 1.156 Thread 0x000001f44cd49c30 nmethod 773 0x000001f4398efc08 code [0x000001f4398efe00, 0x000001f4398f0870]
Event: 1.156 Thread 0x000001f44cd49c30  775       3       java.util.jar.JarFile::getManifest (5 bytes)
Event: 1.156 Thread 0x000001f44cd49c30 nmethod 775 0x000001f4398f0888 code [0x000001f4398f09a0, 0x000001f4398f0ad8]
Event: 1.157 Thread 0x000001f44cd49c30  776       3       java.util.zip.CRC32::<init> (5 bytes)
Event: 1.158 Thread 0x000001f44cd49c30 nmethod 776 0x000001f4398f0b88 code [0x000001f4398f0ca0, 0x000001f4398f0e08]
Event: 1.158 Thread 0x000001f44cd49c30  777       3       java.util.zip.CRC32::getValue (10 bytes)
Event: 1.159 Thread 0x000001f44cd49c30 nmethod 777 0x000001f4398f0e88 code [0x000001f4398f0fa0, 0x000001f4398f10c0]
Event: 1.159 Thread 0x000001f44cd49c30  778       3       sun.net.util.URLUtil::urlNoFragString (143 bytes)
Event: 1.161 Thread 0x000001f44cd49c30 nmethod 778 0x000001f4398f1188 code [0x000001f4398f1420, 0x000001f4398f23c8]
Event: 1.161 Thread 0x000001f44cd49c30  779       3       jdk.internal.loader.URLClassPath$JarLoader$2::getCodeSourceURL (8 bytes)
Event: 1.161 Thread 0x000001f44cd49c30 nmethod 779 0x000001f4398f2488 code [0x000001f4398f25a0, 0x000001f4398f26b8]
Event: 1.161 Thread 0x000001f44cd49c30  780       3       jdk.internal.loader.URLClassPath$JarLoader$2::getManifest (26 bytes)
Event: 1.163 Thread 0x000001f44cd49c30 nmethod 780 0x000001f4398f2788 code [0x000001f4398f2960, 0x000001f4398f30c0]

GC Heap History (0 events):
No events

Dll operation events (8 events):
Event: 0.048 Loaded shared library C:\Program Files\Java\jdk-23\bin\java.dll
Event: 0.250 Loaded shared library C:\Program Files\Java\jdk-23\bin\jsvml.dll
Event: 0.299 Loaded shared library C:\Program Files\Java\jdk-23\bin\net.dll
Event: 0.303 Loaded shared library C:\Program Files\Java\jdk-23\bin\nio.dll
Event: 0.336 Loaded shared library C:\Program Files\Java\jdk-23\bin\zip.dll
Event: 0.401 Loaded shared library C:\Program Files\Java\jdk-23\bin\jimage.dll
Event: 0.845 Loaded shared library C:\Program Files\Java\jdk-23\bin\management.dll
Event: 0.859 Loaded shared library C:\Program Files\Java\jdk-23\bin\management_ext.dll

Deoptimization events (20 events):
Event: 0.363 Thread 0x000001f42f560b70 Uncommon trap: trap_request=0xffffff45 fr.pc=0x000001f4412c5574 relative=0x0000000000000234
Event: 0.363 Thread 0x000001f42f560b70 Uncommon trap: reason=unstable_if action=reinterpret pc=0x000001f4412c5574 method=jdk.internal.util.ArraysSupport.hashCodeOfUnsigned([BIII)I @ 1 c2
Event: 0.364 Thread 0x000001f42f560b70 DEOPT PACKING pc=0x000001f4412c5574 sp=0x0000001f2e5fca80
Event: 0.364 Thread 0x000001f42f560b70 DEOPT UNPACKING pc=0x000001f440d84402 sp=0x0000001f2e5fca00 mode 2
Event: 0.713 Thread 0x000001f42f560b70 Uncommon trap: trap_request=0xffffffde fr.pc=0x000001f4412d9c54 relative=0x00000000000002f4
Event: 0.713 Thread 0x000001f42f560b70 Uncommon trap: reason=class_check action=maybe_recompile pc=0x000001f4412d9c54 method=java.util.regex.Pattern$BmpCharPropertyGreedy.match(Ljava/util/regex/Matcher;ILjava/lang/CharSequence;)Z @ 26 c2
Event: 0.713 Thread 0x000001f42f560b70 DEOPT PACKING pc=0x000001f4412d9c54 sp=0x0000001f2e5fd190
Event: 0.713 Thread 0x000001f42f560b70 DEOPT UNPACKING pc=0x000001f440d84402 sp=0x0000001f2e5fd128 mode 2
Event: 0.713 Thread 0x000001f42f560b70 Uncommon trap: trap_request=0xffffffde fr.pc=0x000001f4412d9c54 relative=0x00000000000002f4
Event: 0.713 Thread 0x000001f42f560b70 Uncommon trap: reason=class_check action=maybe_recompile pc=0x000001f4412d9c54 method=java.util.regex.Pattern$BmpCharPropertyGreedy.match(Ljava/util/regex/Matcher;ILjava/lang/CharSequence;)Z @ 26 c2
Event: 0.713 Thread 0x000001f42f560b70 DEOPT PACKING pc=0x000001f4412d9c54 sp=0x0000001f2e5fd0e0
Event: 0.713 Thread 0x000001f42f560b70 DEOPT UNPACKING pc=0x000001f440d84402 sp=0x0000001f2e5fd098 mode 2
Event: 0.713 Thread 0x000001f42f560b70 Uncommon trap: trap_request=0xffffffde fr.pc=0x000001f4412d9c54 relative=0x00000000000002f4
Event: 0.713 Thread 0x000001f42f560b70 Uncommon trap: reason=class_check action=maybe_recompile pc=0x000001f4412d9c54 method=java.util.regex.Pattern$BmpCharPropertyGreedy.match(Ljava/util/regex/Matcher;ILjava/lang/CharSequence;)Z @ 26 c2
Event: 0.713 Thread 0x000001f42f560b70 DEOPT PACKING pc=0x000001f4412d9c54 sp=0x0000001f2e5fd5f0
Event: 0.713 Thread 0x000001f42f560b70 DEOPT UNPACKING pc=0x000001f440d84402 sp=0x0000001f2e5fd588 mode 2
Event: 0.713 Thread 0x000001f42f560b70 Uncommon trap: trap_request=0xffffff45 fr.pc=0x000001f4412d9ca4 relative=0x0000000000000344
Event: 0.713 Thread 0x000001f42f560b70 Uncommon trap: reason=unstable_if action=reinterpret pc=0x000001f4412d9ca4 method=java.util.regex.Pattern$BmpCharPropertyGreedy.match(Ljava/util/regex/Matcher;ILjava/lang/CharSequence;)Z @ 12 c2
Event: 0.713 Thread 0x000001f42f560b70 DEOPT PACKING pc=0x000001f4412d9ca4 sp=0x0000001f2e5fd540
Event: 0.713 Thread 0x000001f42f560b70 DEOPT UNPACKING pc=0x000001f440d84402 sp=0x0000001f2e5fd4f8 mode 2

Classes loaded (20 events):
Event: 0.984 Loading class java/lang/foreign/MemorySegment$Scope done
Event: 0.984 Loading class jdk/internal/foreign/MemorySessionImpl done
Event: 0.990 Loading class java/util/EventListener
Event: 0.990 Loading class java/util/EventListener done
Event: 0.994 Loading class java/util/concurrent/LinkedBlockingQueue
Event: 0.994 Loading class java/util/concurrent/BlockingQueue
Event: 0.995 Loading class java/util/concurrent/BlockingQueue done
Event: 0.995 Loading class java/util/concurrent/LinkedBlockingQueue done
Event: 0.995 Loading class java/util/concurrent/LinkedBlockingQueue$Node
Event: 0.995 Loading class java/util/concurrent/LinkedBlockingQueue$Node done
Event: 0.997 Loading class java/util/concurrent/LinkedBlockingQueue$Itr
Event: 0.997 Loading class java/util/concurrent/LinkedBlockingQueue$Itr done
Event: 0.999 Loading class java/util/Formatter$FixedString
Event: 0.999 Loading class java/util/Formatter$FixedString done
Event: 1.009 Loading class java/util/ServiceConfigurationError
Event: 1.010 Loading class java/util/ServiceConfigurationError done
Event: 1.016 Loading class java/util/Comparators$NaturalOrderComparator
Event: 1.016 Loading class java/util/Comparators$NaturalOrderComparator done
Event: 1.017 Loading class java/util/Comparators$NullComparator
Event: 1.017 Loading class java/util/Comparators$NullComparator done

Classes unloaded (0 events):
No events

Classes redefined (0 events):
No events

Internal exceptions (6 events):
Event: 0.473 Thread 0x000001f42f560b70 Exception <a 'java/lang/NoSuchMethodError'{0x00000000cd9a4178}: 'void java.lang.invoke.DirectMethodHandle$Holder.invokeSpecial(java.lang.Object, java.lang.Object, java.lang.Object, java.lang.Object, java.lang.Object)'> (0x00000000cd9a4178) 
thrown [s\open\src\hotspot\share\interpreter\linkResolver.cpp, line 796]
Event: 0.815 Thread 0x000001f42f560b70 Exception <a 'java/lang/NoSuchMethodError'{0x00000000cd5259b8}: 'java.lang.Object java.lang.invoke.Invokers$Holder.invokeExact_MT(java.lang.Object, java.lang.Object, java.lang.Object, java.lang.Object, java.lang.Object)'> (0x00000000cd5259b8) 
thrown [s\open\src\hotspot\share\interpreter\linkResolver.cpp, line 796]
Event: 0.879 Thread 0x000001f42f560b70 Exception <a 'java/lang/NoSuchMethodError'{0x00000000cd590078}: 'int java.lang.invoke.DirectMethodHandle$Holder.invokeSpecial(java.lang.Object, java.lang.Object, java.lang.Object)'> (0x00000000cd590078) 
thrown [s\open\src\hotspot\share\interpreter\linkResolver.cpp, line 796]
Event: 0.921 Thread 0x000001f42f560b70 Exception <a 'java/lang/NoSuchMethodError'{0x00000000cd42ca70}: 'void java.lang.invoke.DirectMethodHandle$Holder.invokeStatic(java.lang.Object, java.lang.Object, java.lang.Object, java.lang.Object)'> (0x00000000cd42ca70) 
thrown [s\open\src\hotspot\share\interpreter\linkResolver.cpp, line 796]
Event: 0.922 Thread 0x000001f42f560b70 Exception <a 'java/lang/NoSuchMethodError'{0x00000000cd4304c0}: 'void java.lang.invoke.DirectMethodHandle$Holder.invokeStaticInit(java.lang.Object, java.lang.Object, java.lang.Object, java.lang.Object)'> (0x00000000cd4304c0) 
thrown [s\open\src\hotspot\share\interpreter\linkResolver.cpp, line 796]
Event: 1.012 Thread 0x000001f42f560b70 Exception <a 'java/lang/NoSuchMethodError'{0x00000000cd3146d0}: 'java.lang.Object java.lang.invoke.DirectMethodHandle$Holder.invokeInterface(java.lang.Object, java.lang.Object)'> (0x00000000cd3146d0) 
thrown [s\open\src\hotspot\share\interpreter\linkResolver.cpp, line 796]

VM Operations (8 events):
Event: 0.337 Executing VM operation: HandshakeAllThreads (Deoptimize)
Event: 0.338 Executing VM operation: HandshakeAllThreads (Deoptimize) done
Event: 0.706 Executing VM operation: HandshakeAllThreads (Deoptimize)
Event: 0.706 Executing VM operation: HandshakeAllThreads (Deoptimize) done
Event: 0.798 Executing VM operation: HandshakeAllThreads (Deoptimize)
Event: 0.799 Executing VM operation: HandshakeAllThreads (Deoptimize) done
Event: 0.799 Executing VM operation: HandshakeAllThreads (Deoptimize)
Event: 0.799 Executing VM operation: HandshakeAllThreads (Deoptimize) done

Memory protections (0 events):
No events

Nmethod flushes (0 events):
No events

Events (11 events):
Event: 0.181 Thread 0x000001f42f560b70 Thread added: 0x000001f42f560b70
Event: 0.240 Thread 0x000001f42f560b70 Thread added: 0x000001f44cd3bdd0
Event: 0.240 Thread 0x000001f42f560b70 Thread added: 0x000001f44cd3d450
Event: 0.241 Thread 0x000001f42f560b70 Thread added: 0x000001f44cd40f50
Event: 0.241 Thread 0x000001f42f560b70 Thread added: 0x000001f44cd439c0
Event: 0.241 Thread 0x000001f42f560b70 Thread added: 0x000001f44cd45430
Event: 0.242 Thread 0x000001f42f560b70 Thread added: 0x000001f44cd46ea0
Event: 0.242 Thread 0x000001f42f560b70 Thread added: 0x000001f44cd47c30
Event: 0.243 Thread 0x000001f42f560b70 Thread added: 0x000001f44cd49c30
Event: 0.287 Thread 0x000001f42f560b70 Thread added: 0x000001f49209d9f0
Event: 0.290 Thread 0x000001f42f560b70 Thread added: 0x000001f49209ee80


Dynamic libraries:
0x00007ff6b8160000 - 0x00007ff6b8170000 	C:\Program Files\Java\jdk-23\bin\java.exe
0x00007ff8b6af0000 - 0x00007ff8b6d08000 	C:\Windows\SYSTEM32\ntdll.dll
0x00007ff8b5670000 - 0x00007ff8b5734000 	C:\Windows\System32\KERNEL32.DLL
0x00007ff8b3c00000 - 0x00007ff8b3fd3000 	C:\Windows\System32\KERNELBASE.dll
0x00007ff8b3fe0000 - 0x00007ff8b40f1000 	C:\Windows\System32\ucrtbase.dll
0x00007ff8811d0000 - 0x00007ff8811e7000 	C:\Program Files\Java\jdk-23\bin\jli.dll
0x00007ff87a740000 - 0x00007ff87a75b000 	C:\Program Files\Java\jdk-23\bin\VCRUNTIME140.dll
0x00007ff8b49d0000 - 0x00007ff8b4b82000 	C:\Windows\System32\USER32.dll
0x00007ff8b4270000 - 0x00007ff8b4296000 	C:\Windows\System32\win32u.dll
0x00007ff8b4ba0000 - 0x00007ff8b4bc9000 	C:\Windows\System32\GDI32.dll
0x00007ff8b45f0000 - 0x00007ff8b470b000 	C:\Windows\System32\gdi32full.dll
0x00007ff8b42a0000 - 0x00007ff8b433a000 	C:\Windows\System32\msvcp_win.dll
0x00007ff8a4400000 - 0x00007ff8a469c000 	C:\Windows\WinSxS\amd64_microsoft.windows.common-controls_6595b64144ccf1df_6.0.22621.6060_none_2712eda17382d24b\COMCTL32.dll
0x00007ff8b50f0000 - 0x00007ff8b5197000 	C:\Windows\System32\msvcrt.dll
0x00007ff8b5050000 - 0x00007ff8b5081000 	C:\Windows\System32\IMM32.DLL
0x00007ff8ae780000 - 0x00007ff8ae78c000 	C:\Program Files\Java\jdk-23\bin\vcruntime140_1.dll
0x00007ff83ef40000 - 0x00007ff83efce000 	C:\Program Files\Java\jdk-23\bin\msvcp140.dll
0x00007ff8090c0000 - 0x00007ff809e0f000 	C:\Program Files\Java\jdk-23\bin\server\jvm.dll
0x00007ff8b5740000 - 0x00007ff8b57f1000 	C:\Windows\System32\ADVAPI32.dll
0x00007ff8b52b0000 - 0x00007ff8b5358000 	C:\Windows\System32\sechost.dll
0x00007ff8b43c0000 - 0x00007ff8b43e8000 	C:\Windows\System32\bcrypt.dll
0x00007ff8b5380000 - 0x00007ff8b5498000 	C:\Windows\System32\RPCRT4.dll
0x00007ff8b69a0000 - 0x00007ff8b6a11000 	C:\Windows\System32\WS2_32.dll
0x00007ff8b3ad0000 - 0x00007ff8b3b1d000 	C:\Windows\SYSTEM32\POWRPROF.dll
0x00007ff8afa20000 - 0x00007ff8afa54000 	C:\Windows\SYSTEM32\WINMM.dll
0x00007ff8aa700000 - 0x00007ff8aa70a000 	C:\Windows\SYSTEM32\VERSION.dll
0x00007ff8b3ab0000 - 0x00007ff8b3ac3000 	C:\Windows\SYSTEM32\UMPDC.dll
0x00007ff8b2be0000 - 0x00007ff8b2bf8000 	C:\Windows\SYSTEM32\kernel.appcore.dll
0x00007ff8a97e0000 - 0x00007ff8a97ea000 	C:\Program Files\Java\jdk-23\bin\jimage.dll
0x00007ff8b1730000 - 0x00007ff8b1963000 	C:\Windows\SYSTEM32\DBGHELP.DLL
0x00007ff8b5800000 - 0x00007ff8b5b91000 	C:\Windows\System32\combase.dll
0x00007ff8b48f0000 - 0x00007ff8b49c8000 	C:\Windows\System32\OLEAUT32.dll
0x00007ff8a3960000 - 0x00007ff8a3992000 	C:\Windows\SYSTEM32\dbgcore.DLL
0x00007ff8b4340000 - 0x00007ff8b43bb000 	C:\Windows\System32\bcryptPrimitives.dll
0x00007ff877f70000 - 0x00007ff877f8e000 	C:\Program Files\Java\jdk-23\bin\java.dll
0x00007ff8b6530000 - 0x00007ff8b66d1000 	C:\Windows\System32\ole32.dll
0x00007ff8b5ba0000 - 0x00007ff8b643c000 	C:\Windows\System32\SHELL32.dll
0x00007ff8b43f0000 - 0x00007ff8b452f000 	C:\Windows\System32\wintypes.dll
0x00007ff8b1b00000 - 0x00007ff8b241a000 	C:\Windows\SYSTEM32\windows.storage.dll
0x00007ff8b51a0000 - 0x00007ff8b52a4000 	C:\Windows\System32\SHCORE.dll
0x00007ff8b64c0000 - 0x00007ff8b6529000 	C:\Windows\System32\shlwapi.dll
0x00007ff8b3b30000 - 0x00007ff8b3b55000 	C:\Windows\SYSTEM32\profapi.dll
0x00007ff8399e0000 - 0x00007ff839ab7000 	C:\Program Files\Java\jdk-23\bin\jsvml.dll
0x00007ff8a9790000 - 0x00007ff8a97a0000 	C:\Program Files\Java\jdk-23\bin\net.dll
0x00007ff8b30c0000 - 0x00007ff8b3129000 	C:\Windows\system32\mswsock.dll
0x00007ff876bb0000 - 0x00007ff876bc6000 	C:\Program Files\Java\jdk-23\bin\nio.dll
0x00007ff86de40000 - 0x00007ff86de57000 	C:\Program Files\Java\jdk-23\bin\zip.dll
0x00007ff8923b0000 - 0x00007ff8923ba000 	C:\Program Files\Java\jdk-23\bin\management.dll
0x00007ff892380000 - 0x00007ff89238b000 	C:\Program Files\Java\jdk-23\bin\management_ext.dll
0x00007ff8b6a90000 - 0x00007ff8b6a98000 	C:\Windows\System32\PSAPI.DLL

dbghelp: loaded successfully - version: 4.0.5 - missing functions: none
symbol engine: initialized successfully - sym options: 0x614 - pdb path: .;C:\Program Files\Java\jdk-23\bin;C:\Windows\SYSTEM32;C:\Windows\WinSxS\amd64_microsoft.windows.common-controls_6595b64144ccf1df_6.0.22621.6060_none_2712eda17382d24b;C:\Program Files\Java\jdk-23\bin\server

VM Arguments:
jvm_args: -Dfile.encoding=UTF-8 -Ddb2.jcc.charsetDecoderEncoder=3 
java_command: com.ibm.db2.server.DssLauncher 3000 off c:\Users\LENOVO\AppData\Roaming\Code\logs\20260324T003517\window2\exthost\IBM.db2forzosdeveloperextension -Xmx256M
java_class_path (initial): c:\Users\LENOVO\.vscode\extensions\ibm.db2forzosdeveloperextension-2.2.4\dist\dss-dist-1-SNAPSHOT.jar;;c:\Users\LENOVO\.vscode\extensions\ibm.db2forzosdeveloperextension-2.2.4\lib\db2jcc4.jar;c:\Users\LENOVO\.vscode\extensions\ibm.db2forzosdeveloperextension-2.2.4\lib\sqlj4.zip
Launcher Type: SUN_STANDARD

[Global flags]
     intx CICompilerCount                          = 4                                         {product} {ergonomic}
     uint ConcGCThreads                            = 2                                         {product} {ergonomic}
     uint G1ConcRefinementThreads                  = 8                                         {product} {ergonomic}
   size_t G1HeapRegionSize                         = 1048576                                   {product} {ergonomic}
   size_t InitialHeapSize                          = 56623104                                  {product} {ergonomic}
   size_t MarkStackSize                            = 4194304                                   {product} {ergonomic}
   size_t MarkStackSizeMax                         = 536870912                                 {product} {ergonomic}
   size_t MaxHeapSize                              = 899678208                                 {product} {ergonomic}
   size_t MaxNewSize                               = 538968064                                 {product} {ergonomic}
   size_t MinHeapDeltaBytes                        = 1048576                                   {product} {ergonomic}
   size_t MinHeapSize                              = 8388608                                   {product} {ergonomic}
    uintx NonNMethodCodeHeapSize                   = 5832704                                {pd product} {ergonomic}
    uintx NonProfiledCodeHeapSize                  = 122945536                              {pd product} {ergonomic}
    uintx ProfiledCodeHeapSize                     = 122880000                              {pd product} {ergonomic}
    uintx ReservedCodeCacheSize                    = 251658240                              {pd product} {ergonomic}
     bool SegmentedCodeCache                       = true                                      {product} {ergonomic}
   size_t SoftMaxHeapSize                          = 899678208                              {manageable} {ergonomic}
     bool UseCompressedOops                        = true                           {product lp64_product} {ergonomic}
     bool UseG1GC                                  = true                                      {product} {ergonomic}
     bool UseLargePagesIndividualAllocation        = false                                  {pd product} {ergonomic}

Logging:
Log output configuration:
 #0: stdout all=warning uptime,level,tags foldmultilines=false
 #1: stderr all=off uptime,level,tags foldmultilines=false

Environment Variables:
PATH=C:\Users\LENOVO\AppData\Local\Programs\Microsoft VS Code;C:\Program Files\Common Files\Oracle\Java\javapath;C:\Program Files\Microsoft\jdk-11.0.16.101-hotspot\bin;C:\Windows\system32;C:\Windows;C:\Windows\System32\Wbem;C:\Windows\System32\WindowsPowerShell\v1.0\;C:\Windows\System32\OpenSSH\;c:\Program Files (x86)\Microsoft SQL Server\100\Tools\Binn\;c:\Program Files\Microsoft SQL Server\100\Tools\Binn\;c:\Program Files\Microsoft SQL Server\100\DTS\Binn\;C:\Program Files (x86)\Microsoft SQL Server\160\Tools\Binn\;C:\Program Files\Microsoft SQL Server\160\Tools\Binn\;C:\Program Files\Microsoft SQL Server\Client SDK\ODBC\170\Tools\Binn\;C:\Program Files\Microsoft SQL Server\160\DTS\Binn\;C:\Program Files (x86)\Microsoft SQL Server\150\Tools\Binn\;C:\Program Files\Microsoft SQL Server\150\Tools\Binn\;C:\Program Files\Microsoft SQL Server\150\DTS\Binn\;C:\Program Files (x86)\Microsoft SQL Server\160\DTS\Binn\;C:\xampp_new\php;C:\ProgramData\ComposerSetup\bin;C:\Program Files\dotnet\;C:\Program Files (x86)\Windows Kits\10\Windows Performance Toolkit\;C:\Program Files\nodejs\;C:\Program Files\Git\cmd;C:\xampp\php;C:\Users\LENOVO\AppData\Local\Programs\Python\Python312\Scripts\;C:\Users\LENOVO\AppData\Local\Programs\Python\Python312\;C:\Users\LENOVO\AppData\Local\Microsoft\WindowsApps;C:\Users\LENOVO\AppData\Local\Programs\Microsoft VS Code\bin;C:\Users\LENOVO\AppData\Roaming\Composer\vendor\bin;C:\Users\LENOVO\.dotnet\tools;C:\flutter\bin;C:\Users\LENOVO\AppData\Roaming\npm
USERNAME=LENOVO
OS=Windows_NT
PROCESSOR_IDENTIFIER=AMD64 Family 23 Model 104 Stepping 1, AuthenticAMD
TMP=C:\Users\LENOVO\AppData\Local\Temp
TEMP=C:\Users\LENOVO\AppData\Local\Temp




Periodic native trim disabled

---------------  S Y S T E M  ---------------

OS:
 Windows 11 , 64 bit Build 22621 (10.0.22621.5415)
OS uptime: 1 days 8:43 hours

CPU: total 8 (initial active 8) (8 cores per cpu, 2 threads per core) family 23 model 104 stepping 1 microcode 0x0, cx8, cmov, fxsr, ht, mmx, 3dnowpref, sse, sse2, sse3, ssse3, sse4a, sse4.1, sse4.2, popcnt, lzcnt, tsc, tscinvbit, avx, avx2, aes, clmul, bmi1, bmi2, adx, sha, fma, vzeroupper, clflush, clflushopt, rdtscp, rdpid, f16c
Processor Information for the first 8 processors :
  Max Mhz: 2600, Current Mhz: 2600, Mhz Limit: 2600

Memory: 4k page, system-wide physical 3429M (51M free)
TotalPageFile size 14181M (AvailPageFile size 3M)
current process WorkingSet (physical memory assigned to process): 58M, peak: 58M
current process commit charge ("private bytes"): 143M, peak: 143M

vm_info: Java HotSpot(TM) 64-Bit Server VM (23+37-2369) for windows-amd64 JRE (23+37-2369), built on 2024-08-20T16:01:23Z with MS VC++ 17.6 (VS2022)

END.
